{"D:\\React\\React Programs\\react-ui-challenge-mod\\src\\App.js": {"path":"D:\\React\\React Programs\\react-ui-challenge-mod\\src\\App.js","statementMap":{"0":{"start":{"line":7,"column":2},"end":{"line":15,"column":4}}},"fnMap":{"0":{"name":"App","decl":{"start":{"line":6,"column":9},"end":{"line":6,"column":12}},"loc":{"start":{"line":6,"column":15},"end":{"line":16,"column":1}},"line":6}},"branchMap":{},"s":{"0":3},"f":{"0":3},"b":{},"_coverageSchema":"1a1c01bbd47fc00a2c39e90264f33305004495a9","hash":"7bd1fe46d581d8a61fdc295757bb1298fb1dfdcc"}
,"D:\\React\\React Programs\\react-ui-challenge-mod\\src\\index.js": {"path":"D:\\React\\React Programs\\react-ui-challenge-mod\\src\\index.js","statementMap":{"0":{"start":{"line":7,"column":13},"end":{"line":7,"column":98}},"1":{"start":{"line":8,"column":0},"end":{"line":12,"column":2}},"2":{"start":{"line":13,"column":0},"end":{"line":13,"column":18}}},"fnMap":{},"branchMap":{"0":{"loc":{"start":{"line":7,"column":33},"end":{"line":7,"column":97}},"type":"binary-expr","locations":[{"start":{"line":7,"column":33},"end":{"line":7,"column":64}},{"start":{"line":7,"column":68},"end":{"line":7,"column":97}}],"line":7}},"s":{"0":1,"1":1,"2":1},"f":{},"b":{"0":[1,1]},"_coverageSchema":"1a1c01bbd47fc00a2c39e90264f33305004495a9","hash":"fb88c86e1381156644146b0920c5897d6cf5c304"}
,"D:\\React\\React Programs\\react-ui-challenge-mod\\src\\components\\footer\\Footer.js": {"path":"D:\\React\\React Programs\\react-ui-challenge-mod\\src\\components\\footer\\Footer.js","statementMap":{"0":{"start":{"line":3,"column":22},"end":{"line":16,"column":1}},"1":{"start":{"line":4,"column":4},"end":{"line":15,"column":7}}},"fnMap":{"0":{"name":"(anonymous_0)","decl":{"start":{"line":3,"column":22},"end":{"line":3,"column":23}},"loc":{"start":{"line":3,"column":28},"end":{"line":16,"column":1}},"line":3}},"branchMap":{},"s":{"0":3,"1":4},"f":{"0":4},"b":{},"_coverageSchema":"1a1c01bbd47fc00a2c39e90264f33305004495a9","hash":"dfda22bd6343a24a18b1103f8157e476a5f30e58"}
,"D:\\React\\React Programs\\react-ui-challenge-mod\\src\\components\\home-container\\HomeContainer.js": {"path":"D:\\React\\React Programs\\react-ui-challenge-mod\\src\\components\\home-container\\HomeContainer.js","statementMap":{"0":{"start":{"line":5,"column":29},"end":{"line":52,"column":1}},"1":{"start":{"line":8,"column":8},"end":{"line":28,"column":9}},"2":{"start":{"line":30,"column":4},"end":{"line":51,"column":8}},"3":{"start":{"line":45,"column":51},"end":{"line":45,"column":101}}},"fnMap":{"0":{"name":"(anonymous_0)","decl":{"start":{"line":5,"column":29},"end":{"line":5,"column":30}},"loc":{"start":{"line":5,"column":35},"end":{"line":52,"column":1}},"line":5},"1":{"name":"(anonymous_1)","decl":{"start":{"line":45,"column":34},"end":{"line":45,"column":35}},"loc":{"start":{"line":45,"column":51},"end":{"line":45,"column":101}},"line":45}},"branchMap":{},"s":{"0":3,"1":5,"2":5,"3":15},"f":{"0":5,"1":15},"b":{},"_coverageSchema":"1a1c01bbd47fc00a2c39e90264f33305004495a9","hash":"e86c9ca7cfafa0573839b353ed4c439bb24c24ed"}
,"D:\\React\\React Programs\\react-ui-challenge-mod\\src\\components\\home-container\\showcase\\ShowCase.js": {"path":"D:\\React\\React Programs\\react-ui-challenge-mod\\src\\components\\home-container\\showcase\\ShowCase.js","statementMap":{"0":{"start":{"line":5,"column":24},"end":{"line":15,"column":1}},"1":{"start":{"line":7,"column":4},"end":{"line":11,"column":5}},"2":{"start":{"line":8,"column":8},"end":{"line":8,"column":106}},"3":{"start":{"line":10,"column":8},"end":{"line":10,"column":106}},"4":{"start":{"line":12,"column":4},"end":{"line":14,"column":7}}},"fnMap":{"0":{"name":"(anonymous_0)","decl":{"start":{"line":5,"column":24},"end":{"line":5,"column":25}},"loc":{"start":{"line":5,"column":35},"end":{"line":15,"column":1}},"line":5}},"branchMap":{"0":{"loc":{"start":{"line":7,"column":4},"end":{"line":11,"column":5}},"type":"if","locations":[{"start":{"line":7,"column":4},"end":{"line":11,"column":5}},{"start":{"line":9,"column":11},"end":{"line":11,"column":5}}],"line":7}},"s":{"0":4,"1":17,"2":11,"3":6,"4":17},"f":{"0":17},"b":{"0":[11,6]},"_coverageSchema":"1a1c01bbd47fc00a2c39e90264f33305004495a9","hash":"b0a23dc36bc4d16efe4f83fa8262f2bdb192dcd8"}
,"D:\\React\\React Programs\\react-ui-challenge-mod\\src\\components\\home-container\\showcase1-container\\Showcase1Container.js": {"path":"D:\\React\\React Programs\\react-ui-challenge-mod\\src\\components\\home-container\\showcase1-container\\Showcase1Container.js","statementMap":{"0":{"start":{"line":4,"column":34},"end":{"line":19,"column":1}},"1":{"start":{"line":5,"column":2},"end":{"line":18,"column":5}}},"fnMap":{"0":{"name":"(anonymous_0)","decl":{"start":{"line":4,"column":34},"end":{"line":4,"column":35}},"loc":{"start":{"line":4,"column":45},"end":{"line":19,"column":1}},"line":4}},"branchMap":{},"s":{"0":5,"1":14},"f":{"0":14},"b":{},"_coverageSchema":"1a1c01bbd47fc00a2c39e90264f33305004495a9","hash":"61d1a14ab063c9d7ad39e471ef7e931465b7e4b0"}
,"D:\\React\\React Programs\\react-ui-challenge-mod\\src\\components\\home-container\\showcase2-container\\Showcase2Container.js": {"path":"D:\\React\\React Programs\\react-ui-challenge-mod\\src\\components\\home-container\\showcase2-container\\Showcase2Container.js","statementMap":{"0":{"start":{"line":4,"column":34},"end":{"line":25,"column":1}},"1":{"start":{"line":5,"column":4},"end":{"line":24,"column":7}}},"fnMap":{"0":{"name":"(anonymous_0)","decl":{"start":{"line":4,"column":34},"end":{"line":4,"column":35}},"loc":{"start":{"line":4,"column":45},"end":{"line":25,"column":1}},"line":4}},"branchMap":{"0":{"loc":{"start":{"line":13,"column":17},"end":{"line":14,"column":96}},"type":"binary-expr","locations":[{"start":{"line":13,"column":17},"end":{"line":13,"column":40}},{"start":{"line":14,"column":24},"end":{"line":14,"column":96}}],"line":13}},"s":{"0":5,"1":9},"f":{"0":9},"b":{"0":[9,9]},"_coverageSchema":"1a1c01bbd47fc00a2c39e90264f33305004495a9","hash":"ab992202f5e5f33f44da872563823f5461188318"}
,"D:\\React\\React Programs\\react-ui-challenge-mod\\src\\components\\top-menu\\TopMenu.js": {"path":"D:\\React\\React Programs\\react-ui-challenge-mod\\src\\components\\top-menu\\TopMenu.js","statementMap":{"0":{"start":{"line":6,"column":23},"end":{"line":68,"column":1}},"1":{"start":{"line":9,"column":8},"end":{"line":34,"column":9}},"2":{"start":{"line":37,"column":4},"end":{"line":66,"column":8}},"3":{"start":{"line":43,"column":54},"end":{"line":43,"column":102}},"4":{"start":{"line":60,"column":58},"end":{"line":60,"column":106}}},"fnMap":{"0":{"name":"(anonymous_0)","decl":{"start":{"line":6,"column":23},"end":{"line":6,"column":24}},"loc":{"start":{"line":6,"column":29},"end":{"line":68,"column":1}},"line":6},"1":{"name":"(anonymous_1)","decl":{"start":{"line":43,"column":37},"end":{"line":43,"column":38}},"loc":{"start":{"line":43,"column":54},"end":{"line":43,"column":102}},"line":43},"2":{"name":"(anonymous_2)","decl":{"start":{"line":60,"column":41},"end":{"line":60,"column":42}},"loc":{"start":{"line":60,"column":58},"end":{"line":60,"column":106}},"line":60}},"branchMap":{},"s":{"0":3,"1":5,"2":5,"3":30,"4":30},"f":{"0":5,"1":30,"2":30},"b":{},"_coverageSchema":"1a1c01bbd47fc00a2c39e90264f33305004495a9","hash":"5899c44b65167f87a1bbc457811ebbd09a3a86bd"}
,"D:\\React\\React Programs\\react-ui-challenge-mod\\src\\components\\top-menu\\navbar\\NavBar.js": {"path":"D:\\React\\React Programs\\react-ui-challenge-mod\\src\\components\\top-menu\\navbar\\NavBar.js","statementMap":{"0":{"start":{"line":3,"column":22},"end":{"line":13,"column":1}},"1":{"start":{"line":5,"column":4},"end":{"line":9,"column":5}},"2":{"start":{"line":6,"column":8},"end":{"line":6,"column":112}},"3":{"start":{"line":8,"column":8},"end":{"line":8,"column":121}},"4":{"start":{"line":10,"column":4},"end":{"line":12,"column":8}}},"fnMap":{"0":{"name":"(anonymous_0)","decl":{"start":{"line":3,"column":22},"end":{"line":3,"column":23}},"loc":{"start":{"line":3,"column":33},"end":{"line":13,"column":1}},"line":3}},"branchMap":{"0":{"loc":{"start":{"line":5,"column":4},"end":{"line":9,"column":5}},"type":"if","locations":[{"start":{"line":5,"column":4},"end":{"line":9,"column":5}},{"start":{"line":7,"column":11},"end":{"line":9,"column":5}}],"line":5}},"s":{"0":4,"1":62,"2":51,"3":11,"4":62},"f":{"0":62},"b":{"0":[51,11]},"_coverageSchema":"1a1c01bbd47fc00a2c39e90264f33305004495a9","hash":"89aebbabc98deefe33a44d95d09428b663ecc029"}
}
