TN:
SF:src\App.js
FN:6,App
FNF:1
FNH:1
FNDA:3,App
DA:7,3
LF:1
LH:1
BRF:0
BRH:0
end_of_record
TN:
SF:src\index.js
FNF:0
FNH:0
DA:7,1
DA:8,1
DA:13,1
LF:3
LH:3
BRDA:7,0,0,1
BRDA:7,0,1,1
BRF:2
BRH:2
end_of_record
TN:
SF:src\components\footer\Footer.js
FN:3,(anonymous_0)
FNF:1
FNH:1
FNDA:4,(anonymous_0)
DA:3,3
DA:4,4
LF:2
LH:2
BRF:0
BRH:0
end_of_record
TN:
SF:src\components\home-container\HomeContainer.js
FN:5,(anonymous_0)
FN:45,(anonymous_1)
FNF:2
FNH:2
FNDA:5,(anonymous_0)
FNDA:15,(anonymous_1)
DA:5,3
DA:8,5
DA:30,5
DA:45,15
LF:4
LH:4
BRF:0
BRH:0
end_of_record
TN:
SF:src\components\home-container\showcase\ShowCase.js
FN:5,(anonymous_0)
FNF:1
FNH:1
FNDA:17,(anonymous_0)
DA:5,4
DA:7,17
DA:8,11
DA:10,6
DA:12,17
LF:5
LH:5
BRDA:7,0,0,11
BRDA:7,0,1,6
BRF:2
BRH:2
end_of_record
TN:
SF:src\components\home-container\showcase1-container\Showcase1Container.js
FN:4,(anonymous_0)
FNF:1
FNH:1
FNDA:14,(anonymous_0)
DA:4,5
DA:5,14
LF:2
LH:2
BRF:0
BRH:0
end_of_record
TN:
SF:src\components\home-container\showcase2-container\Showcase2Container.js
FN:4,(anonymous_0)
FNF:1
FNH:1
FNDA:9,(anonymous_0)
DA:4,5
DA:5,9
LF:2
LH:2
BRDA:13,0,0,9
BRDA:13,0,1,9
BRF:2
BRH:2
end_of_record
TN:
SF:src\components\top-menu\TopMenu.js
FN:6,(anonymous_0)
FN:43,(anonymous_1)
FN:60,(anonymous_2)
FNF:3
FNH:3
FNDA:5,(anonymous_0)
FNDA:30,(anonymous_1)
FNDA:30,(anonymous_2)
DA:6,3
DA:9,5
DA:37,5
DA:43,30
DA:60,30
LF:5
LH:5
BRF:0
BRH:0
end_of_record
TN:
SF:src\components\top-menu\navbar\NavBar.js
FN:3,(anonymous_0)
FNF:1
FNH:1
FNDA:62,(anonymous_0)
DA:3,4
DA:5,62
DA:6,51
DA:8,11
DA:10,62
LF:5
LH:5
BRDA:5,0,0,51
BRDA:5,0,1,11
BRF:2
BRH:2
end_of_record
